TN:
SF:Report/report.py
DA:1,1,OaTlemF3bXMi5MP7Db8vkQ
DA:2,1,3sv5yltvxJG+PIwAn9jTcg
DA:4,1,udOVfWS5Aezx0xF6n26BOA
DA:6,0,U/YMlxAlanLzdIbmVjP4fQ
DA:7,0,TWx0m+ogbAQRTAzBaO1RYA
DA:8,0,SOP67LrjJbqR05BVuBlxRg
DA:9,0,updbdC5gVAudjLd41oYkXg
DA:10,0,cFBlb2RM5foSPpGtdMV2Vg
DA:11,0,NUrZoDmFJSW1T0ObhSO1zA
DA:12,0,ybwNB0WfGcXRE4sSAIpB7w
DA:13,0,tU8Q6rlGhw7R2K/Ve9Qp5A
DA:14,0,RKH9k9ER/jdFLYtk4CT30Q
DA:18,0,wl1M6IT7SQyl0QQ/GThU6A
DA:109,0,rqnWDEcjjO7TkYdec6tjFw
LF:14
LH:3
end_of_record
TN:
SF:Subscriptions/Process_subscriptions/process.py
DA:1,1,OaTlemF3bXMi5MP7Db8vkQ
DA:4,1,uKABwaQ3WY+22boftDrsPQ
DA:5,1,RkpMAB6PNofShrNt79Cm2w
DA:7,1,hc6dCZ0tgRp27leO3C/IEg
DA:8,1,q01hhzT70eV2BUHH7xMt6g
DA:9,1,n4AJpqqXDQ4nfePlB25tVA
DA:10,1,lR2Btq1u1uxCncoGrAm0og
DA:11,1,D8iTkGmUCdVwuFsUBMitNw
DA:12,1,jnFX/cTTqqhy0cWgT97+uA
DA:13,1,Ama8yQi7plXZgjMs7p6p4g
DA:14,1,MBEGTnW9a5+qdr9lAfcmNw
DA:15,1,5x1avoFhUTpQbOggfq7emQ
DA:17,1,KAxYn4Oq2clEpk35rLc1fA
LF:13
LH:13
end_of_record
TN:
SF:app.py
DA:1,1,7Z9Lj4ed27Wf2hBX6jooEA
DA:2,1,p7hNY1S5rX9QtYADf+cK4g
DA:3,1,OaTlemF3bXMi5MP7Db8vkQ
DA:4,1,jkHhMsABSAn8fG2ZAQpm1g
DA:5,1,+u/Eozo6LsZ5Ac2poBDnyw
DA:6,1,oBn3m+aX07XSXyLZ7hhJvQ
DA:9,1,P+VkXAqGiv3nSOkfzTeSbw
DA:11,1,cZjqmbJztAyYllnLivdTrA
DA:14,1,ZI88TRQb2c3IrifCrqN8eg
DA:15,1,yMHxMSo8sxw5Qb1/sqw04Q
DA:17,1,FuxDtHq2UL6KB4GGaF8TsA
DA:18,1,oRgIpywk7Q/cDv+wglIthg
DA:19,1,7EXH7H4DX1z8rPoqFbaJZg
DA:22,1,hwcRlFsIK/4OrqRP5AhkVA
DA:23,1,1DxXwU4bS2VmnZwV1dcvVQ
DA:27,1,B/Fo9U4/nMeRNS1JjGZVyQ
DA:28,1,JetpYz5nYB2m18D0u3mb9g
DA:29,1,ODeV3tW2ALFQR1hvfLdgdQ
DA:30,1,Ju7A3x9C/u7Bg5efdCp4UA
DA:31,1,GbbAHT32bXqIl44mlysiOg
DA:33,1,pnRQ5YACe/+ADxeHRlHEdw
DA:55,1,vy6CgW37KXB6tZmtM5IONw
DA:56,1,a7xPwmAE/P6BhlYA4ul1Gw
DA:59,1,PCd+tTkojc+/9k3Gg2wfWw
DA:38,0,bicycbAdzfaXiv1yIDcvtQ
DA:39,0,qoS1r4U7rgE20DifSkSyaw
DA:40,0,qEUlYgGetMN75eYL25rEzg
DA:41,0,X7VG7Wd12lDWc0AFzuOmCQ
DA:42,0,szt3tihdM5LKTTi/oKTmmA
DA:44,0,TZtTUFRhc40L8jVhzXJVoQ
DA:45,0,aGLLHzlPr+6+cUv/q69GHA
DA:46,0,gstUubwqmRyMc9TJjv/itQ
DA:47,0,WY4aLS1T0uB8glAO85XnIQ
DA:49,0,rxsvPQPHntsSzIZ48iSDog
DA:50,0,alll85R53EGPEibHZSbBiw
DA:51,0,WP2GPwO2b7jGvyUMm+bU5g
DA:53,0,uDO/rUKaCmCkd0d9yvdGJw
DA:60,0,KwNQ+WyC8XwRUcpncwXTtQ
LF:38
LH:24
end_of_record
TN:
SF:tests/__init__.py
DA:1,1,1B2M2Y8AsgTpgAmY7PhCfg
LF:0
LH:0
end_of_record
TN:
SF:tests/test_app.py
DA:1,1,7Z9Lj4ed27Wf2hBX6jooEA
DA:2,1,OaTlemF3bXMi5MP7Db8vkQ
DA:3,1,mUDsnWRiqW9R9nTILGKIZg
DA:4,1,6EqVyswJtxIE+9LVqyxOlA
DA:5,1,+UvSl/UAzogVI8g6ls9lOA
DA:6,1,+u/Eozo6LsZ5Ac2poBDnyw
DA:7,1,nnqaBKyrUcZAfh7+UA52tg
DA:8,1,cZjqmbJztAyYllnLivdTrA
DA:9,1,BITdacX89uGdhYk3v4BAnw
DA:10,1,P+VkXAqGiv3nSOkfzTeSbw
DA:13,1,94X4nhA7Pe/OFJ+DxO73Mg
DA:14,1,YObhDGNtB+mojymDXNjlpg
DA:15,1,WnJ8L4CdkAbJOuc+KQp1Yg
DA:16,1,YjgFOihdEi893BcbSqF/PQ
DA:18,1,PoMl/3JrMKqlax3J+6Aqbw
DA:19,1,kB8gNxjEkZaribHNHUt4+Q
DA:20,1,xlPg+sm/EQuDQKoE6u5oSg
DA:35,1,lANhsSlJC9HiSLEny5ydtg
DA:37,1,p8ySsq71eM7JW3oP79girw
DA:97,1,K7Ox+l9Os5UnrQ+joVOw3Q
DA:98,1,mNTisthxl4eEWAH2BJXwfw
DA:100,1,nngNKJh3g16MVPQSvWNCQg
DA:103,1,1U+Rqc/KWFmfy2rqacsfiw
DA:104,1,kB8gNxjEkZaribHNHUt4+Q
DA:105,1,xlPg+sm/EQuDQKoE6u5oSg
DA:120,1,lANhsSlJC9HiSLEny5ydtg
DA:122,1,98Dy0hchAj47RiEA28Nirg
DA:124,1,K7Ox+l9Os5UnrQ+joVOw3Q
DA:125,1,mNTisthxl4eEWAH2BJXwfw
DA:127,1,nngNKJh3g16MVPQSvWNCQg
DA:130,1,cJCqBmWi8mpyaldyZR7f6g
DA:131,1,j1wUyjGgz3opn7swM4FJKw
DA:132,1,H3PIwuMiTO+RzD2EC9ZcJA
DA:133,1,0xkauhW3FHggvOcdkPhbhg
DA:135,1,qQUZzG8CLJh2EBQHSDx3LQ
DA:136,1,+f2DMcCSFZAXBKcMaR7Oyw
DA:137,1,H3PIwuMiTO+RzD2EC9ZcJA
DA:138,1,0xkauhW3FHggvOcdkPhbhg
DA:140,1,/eofUc0+iOaz43HOZgWr4w
DA:141,1,1ps124naC1L2ByTaZuWLqA
DA:142,1,H3PIwuMiTO+RzD2EC9ZcJA
DA:143,1,8lFlh5phuQsJDDjmK5eMCw
DA:145,1,Ro692Yw85V4DzOUrPKzCyw
DA:146,1,7yxNT7yqF6pt8Nw5QA57PQ
DA:147,1,H3PIwuMiTO+RzD2EC9ZcJA
DA:148,1,8lFlh5phuQsJDDjmK5eMCw
DA:150,1,N04EU1ALEizwXVwCtdXPXg
DA:151,1,Qg/Vo5uzGcPwfYH2Gs1oTA
DA:152,1,H3PIwuMiTO+RzD2EC9ZcJA
DA:153,1,8lFlh5phuQsJDDjmK5eMCw
DA:155,1,276vhp25fHh6RJqUc1ciuQ
DA:156,1,fheYBsdRKRIKykKyDcWXKg
DA:157,1,H3PIwuMiTO+RzD2EC9ZcJA
DA:158,1,0L/1VOBCmyOkijoOf4U1Fw
DA:160,1,kqZ9qD3iddVJLL9fOvnNqA
DA:161,1,FkVfPE7jdCnDMTVb9dlnMw
DA:162,1,H3PIwuMiTO+RzD2EC9ZcJA
DA:163,1,0L/1VOBCmyOkijoOf4U1Fw
LF:58
LH:58
end_of_record
